Start testing: Jul 11 14:58 EEST
----------------------------------------------------------
1/1 Testing: test_alloc
1/1 Test: test_alloc
Command: "/home/alexc/projects/custom_malloc/build/tests/ALLOC_TEST_DRIVER"
Directory: /home/alexc/projects/custom_malloc/build/tests
"test_alloc" start time: Jul 11 14:58 EEST
Output:
----------------------------------------------------------


     CUnit - A unit testing framework for C - Version 2.1-3
     http://cunit.sourceforge.net/

Error: Negative byte amount allocation is not permited!
Error: Negative byte amount allocation is not permited!
Error: Negative byte amount allocation is not permited!
Error: Negative byte amount allocation is not permited!
Error: Negative byte amount allocation is not permited!
Error: Negative byte amount allocation is not permited!
Error: Negative byte amount allocation is not permited!
Error: Negative byte amount allocation is not permited!


Run Summary:    Type  Total    Ran Passed Failed Inactive
              suites     17     17    n/a      0        0
               tests     48     48     48      0        0
             asserts    168    168    168      0      n/a

Elapsed time =    2.218 seconds
<end of output>
Test time =   2.15 sec
----------------------------------------------------------
Test Passed.
"test_alloc" end time: Jul 11 14:58 EEST
"test_alloc" time elapsed: 00:00:02
----------------------------------------------------------

End testing: Jul 11 14:58 EEST
